note: Running TeX ...
warning: summary.tex:102: Overfull \vbox (19.15474pt too high) has occurred while \output is active
warning: summary.tex:107: Overfull \vbox (19.15474pt too high) has occurred while \output is active
warning: summary.tex:111: Overfull \vbox (19.15474pt too high) has occurred while \output is active
warning: summary.tex:115: Overfull \vbox (19.15474pt too high) has occurred while \output is active
warning: summary.tex:119: Overfull \vbox (19.15474pt too high) has occurred while \output is active
warning: summary.tex:123: Overfull \vbox (19.15474pt too high) has occurred while \output is active
warning: summary.tex:127: Overfull \vbox (19.15474pt too high) has occurred while \output is active
warning: summary.tex:131: Overfull \vbox (19.15474pt too high) has occurred while \output is active
warning: summary.tex:135: Overfull \vbox (19.15474pt too high) has occurred while \output is active
warning: summary.tex:139: Overfull \vbox (19.15474pt too high) has occurred while \output is active
warning: summary.tex:143: Overfull \vbox (19.15474pt too high) has occurred while \output is active
warning: summary.tex:147: Overfull \vbox (19.15474pt too high) has occurred while \output is active
warning: summary.tex:151: Overfull \vbox (19.15474pt too high) has occurred while \output is active
warning: summary.tex:155: Overfull \vbox (19.15474pt too high) has occurred while \output is active
warning: summary.tex:159: Overfull \vbox (19.15474pt too high) has occurred while \output is active
warning: summary.tex:163: Overfull \vbox (19.15474pt too high) has occurred while \output is active
warning: summary.tex:167: Overfull \vbox (19.15474pt too high) has occurred while \output is active
note: Rerunning TeX because "summary.aux" changed ...
warning: summary.tex:102: Overfull \vbox (19.15474pt too high) has occurred while \output is active
warning: summary.tex:107: Overfull \vbox (19.15474pt too high) has occurred while \output is active
warning: summary.tex:111: Overfull \vbox (19.15474pt too high) has occurred while \output is active
warning: summary.tex:115: Overfull \vbox (19.15474pt too high) has occurred while \output is active
warning: summary.tex:119: Overfull \vbox (19.15474pt too high) has occurred while \output is active
warning: summary.tex:123: Overfull \vbox (19.15474pt too high) has occurred while \output is active
warning: summary.tex:127: Overfull \vbox (19.15474pt too high) has occurred while \output is active
warning: summary.tex:131: Overfull \vbox (19.15474pt too high) has occurred while \output is active
warning: summary.tex:135: Overfull \vbox (19.15474pt too high) has occurred while \output is active
warning: summary.tex:139: Overfull \vbox (19.15474pt too high) has occurred while \output is active
warning: summary.tex:143: Overfull \vbox (19.15474pt too high) has occurred while \output is active
warning: summary.tex:147: Overfull \vbox (19.15474pt too high) has occurred while \output is active
warning: summary.tex:151: Overfull \vbox (19.15474pt too high) has occurred while \output is active
warning: summary.tex:155: Overfull \vbox (19.15474pt too high) has occurred while \output is active
warning: summary.tex:159: Overfull \vbox (19.15474pt too high) has occurred while \output is active
warning: summary.tex:163: Overfull \vbox (19.15474pt too high) has occurred while \output is active
warning: summary.tex:167: Overfull \vbox (19.15474pt too high) has occurred while \output is active
warning: warnings were issued by the TeX engine; use --print and/or --keep-logs for details.
note: Running xdvipdfmx ...
note: Writing `summary.pdf` (267.99 KiB)
note: Skipped writing 1 intermediate files (use --keep-intermediates to keep them)
